# JRE version: OpenJDK Runtime Environment AdoptOpenJDK-11.0.11+9 (11.0.11+9) (build 11.0.11+9)
# Java VM: OpenJDK 64-Bit Server VM AdoptOpenJDK-11.0.11+9 (11.0.11+9, mixed mode, tiered, compressed oops, g1 gc, windows-amd64)
Heap:
 garbage-first heap   total 189440K, used 48843K [0x0000000081a00000, 0x0000000100000000)
  region size 1024K, 33 young (33792K), 12 survivors (12288K)
 Metaspace       used 61349K, capacity 63161K, committed 63488K, reserved 1103872K
  class space    used 7724K, capacity 8459K, committed 8524K, reserved 1048576K
GC Heap History (18 events):
Event: 0.397 GC heap before
{Heap before GC invocations=0 (full 0):
 garbage-first heap   total 131072K, used 14336K [0x0000000081a00000, 0x0000000100000000)
  region size 1024K, 14 young (14336K), 0 survivors (0K)
 Metaspace       used 8511K, capacity 8628K, committed 8832K, reserved 1056768K
  class space    used 781K, capacity 833K, committed 896K, reserved 1048576K
}
Event: 0.401 GC heap after
{Heap after GC invocations=1 (full 0):
 garbage-first heap   total 131072K, used 6679K [0x0000000081a00000, 0x0000000100000000)
  region size 1024K, 2 young (2048K), 2 survivors (2048K)
 Metaspace       used 8511K, capacity 8628K, committed 8832K, reserved 1056768K
  class space    used 781K, capacity 833K, committed 896K, reserved 1048576K
}
Event: 0.767 GC heap before
{Heap before GC invocations=1 (full 0):
 garbage-first heap   total 131072K, used 15895K [0x0000000081a00000, 0x0000000100000000)
  region size 1024K, 11 young (11264K), 2 survivors (2048K)
 Metaspace       used 13982K, capacity 14326K, committed 14592K, reserved 1062912K
  class space    used 1392K, capacity 1502K, committed 1536K, reserved 1048576K
}
Event: 0.771 GC heap after
{Heap after GC invocations=2 (full 0):
 garbage-first heap   total 131072K, used 8243K [0x0000000081a00000, 0x0000000100000000)
  region size 1024K, 2 young (2048K), 2 survivors (2048K)
 Metaspace       used 13982K, capacity 14326K, committed 14592K, reserved 1062912K
  class space    used 1392K, capacity 1502K, committed 1536K, reserved 1048576K
}
Event: 1.285 GC heap before
{Heap before GC invocations=2 (full 0):
 garbage-first heap   total 131072K, used 32819K [0x0000000081a00000, 0x0000000100000000)
  region size 1024K, 27 young (27648K), 2 survivors (2048K)
 Metaspace       used 19219K, capacity 19768K, committed 19968K, reserved 1067008K
  class space    used 2029K, capacity 2244K, committed 2304K, reserved 1048576K
}
Event: 1.289 GC heap after
{Heap after GC invocations=3 (full 0):
 garbage-first heap   total 131072K, used 9842K [0x0000000081a00000, 0x0000000100000000)
  region size 1024K, 4 young (4096K), 4 survivors (4096K)
 Metaspace       used 19219K, capacity 19768K, committed 19968K, reserved 1067008K
  class space    used 2029K, capacity 2244K, committed 2304K, reserved 1048576K
}
Event: 1.449 GC heap before
{Heap before GC invocations=3 (full 0):
 garbage-first heap   total 131072K, used 18034K [0x0000000081a00000, 0x0000000100000000)
  region size 1024K, 13 young (13312K), 4 survivors (4096K)
 Metaspace       used 20581K, capacity 21163K, committed 21248K, reserved 1069056K
  class space    used 2251K, capacity 2499K, committed 2560K, reserved 1048576K
}
Event: 1.454 GC heap after
{Heap after GC invocations=4 (full 0):
 garbage-first heap   total 131072K, used 10184K [0x0000000081a00000, 0x0000000100000000)
  region size 1024K, 2 young (2048K), 2 survivors (2048K)
 Metaspace       used 20581K, capacity 21163K, committed 21248K, reserved 1069056K
  class space    used 2251K, capacity 2499K, committed 2560K, reserved 1048576K
}
Event: 1.905 GC heap before
{Heap before GC invocations=5 (full 0):
 garbage-first heap   total 131072K, used 61384K [0x0000000081a00000, 0x0000000100000000)
  region size 1024K, 53 young (54272K), 2 survivors (2048K)
 Metaspace       used 28220K, capacity 29042K, committed 29312K, reserved 1075200K
  class space    used 3314K, capacity 3631K, committed 3712K, reserved 1048576K
}
Event: 1.913 GC heap after
{Heap after GC invocations=6 (full 0):
 garbage-first heap   total 157696K, used 12232K [0x0000000081a00000, 0x0000000100000000)
  region size 1024K, 4 young (4096K), 4 survivors (4096K)
 Metaspace       used 28220K, capacity 29042K, committed 29312K, reserved 1075200K
  class space    used 3314K, capacity 3631K, committed 3712K, reserved 1048576K
}
Event: 2.895 GC heap before
{Heap before GC invocations=6 (full 0):
 garbage-first heap   total 157696K, used 57288K [0x0000000081a00000, 0x0000000100000000)
  region size 1024K, 50 young (51200K), 4 survivors (4096K)
 Metaspace       used 34904K, capacity 35804K, committed 35840K, reserved 1081344K
  class space    used 4110K, capacity 4457K, committed 4480K, reserved 1048576K
}
Event: 2.903 GC heap after
{Heap after GC invocations=7 (full 0):
 garbage-first heap   total 157696K, used 14451K [0x0000000081a00000, 0x0000000100000000)
  region size 1024K, 7 young (7168K), 7 survivors (7168K)
 Metaspace       used 34904K, capacity 35804K, committed 35840K, reserved 1081344K
  class space    used 4110K, capacity 4457K, committed 4480K, reserved 1048576K
}
Event: 4.057 GC heap before
{Heap before GC invocations=8 (full 0):
 garbage-first heap   total 157696K, used 83059K [0x0000000081a00000, 0x0000000100000000)
  region size 1024K, 74 young (75776K), 7 survivors (7168K)
 Metaspace       used 40794K, capacity 41893K, committed 42060K, reserved 1085440K
  class space    used 4982K, capacity 5429K, committed 5452K, reserved 1048576K
}
Event: 4.067 GC heap after
{Heap after GC invocations=9 (full 0):
 garbage-first heap   total 157696K, used 16940K [0x0000000081a00000, 0x0000000100000000)
  region size 1024K, 8 young (8192K), 8 survivors (8192K)
 Metaspace       used 40794K, capacity 41893K, committed 42060K, reserved 1085440K
  class space    used 4982K, capacity 5429K, committed 5452K, reserved 1048576K
}
Event: 5.120 GC heap before
{Heap before GC invocations=9 (full 0):
 garbage-first heap   total 157696K, used 107052K [0x0000000081a00000, 0x0000000100000000)
  region size 1024K, 92 young (94208K), 8 survivors (8192K)
 Metaspace       used 49463K, capacity 50892K, committed 51148K, reserved 1093632K
  class space    used 6178K, capacity 6735K, committed 6860K, reserved 1048576K
}
Event: 5.131 GC heap after
{Heap after GC invocations=10 (full 0):
 garbage-first heap   total 157696K, used 21184K [0x0000000081a00000, 0x0000000100000000)
  region size 1024K, 10 young (10240K), 10 survivors (10240K)
 Metaspace       used 49463K, capacity 50892K, committed 51148K, reserved 1093632K
  class space    used 6178K, capacity 6735K, committed 6860K, reserved 1048576K
}
Event: 6.548 GC heap before
{Heap before GC invocations=10 (full 0):
 garbage-first heap   total 157696K, used 99008K [0x0000000081a00000, 0x0000000100000000)
  region size 1024K, 87 young (89088K), 10 survivors (10240K)
 Metaspace       used 58421K, capacity 60154K, committed 60288K, reserved 1101824K
  class space    used 7343K, capacity 8061K, committed 8140K, reserved 1048576K
}
Event: 6.568 GC heap after
{Heap after GC invocations=11 (full 0):
 garbage-first heap   total 189440K, used 28363K [0x0000000081a00000, 0x0000000100000000)
  region size 1024K, 12 young (12288K), 12 survivors (12288K)
 Metaspace       used 58421K, capacity 60154K, committed 60288K, reserved 1101824K
  class space    used 7343K, capacity 8061K, committed 8140K, reserved 1048576K
}

