# JRE version: OpenJDK Runtime Environment AdoptOpenJDK-11.0.11+9 (11.0.11+9) (build 11.0.11+9)
# Java VM: OpenJDK 64-Bit Server VM AdoptOpenJDK-11.0.11+9 (11.0.11+9, mixed mode, tiered, compressed oops, parallel gc, windows-amd64)
Heap:
 PSYoungGen      total 6144K, used 1729K [0x00000000eab00000, 0x00000000eb200000, 0x0000000100000000)
  eden space 5632K, 27% used [0x00000000eab00000,0x00000000eac80610,0x00000000eb080000)
  from space 512K, 37% used [0x00000000eb180000,0x00000000eb1b0000,0x00000000eb200000)
  to   space 512K, 0% used [0x00000000eb100000,0x00000000eb100000,0x00000000eb180000)
 ParOldGen       total 221184K, used 185959K [0x00000000c0000000, 0x00000000cd800000, 0x00000000eab00000)
  object space 221184K, 84% used [0x00000000c0000000,0x00000000cb599db0,0x00000000cd800000)
 Metaspace       used 87048K, capacity 90958K, committed 91264K, reserved 1130496K
  class space    used 8225K, capacity 9805K, committed 9856K, reserved 1048576K
GC Heap History (20 events):
Event: 2685.541 GC heap before
{Heap before GC invocations=1573 (full 32):
 PSYoungGen      total 3584K, used 3533K [0x00000000eab00000, 0x00000000eb200000, 0x0000000100000000)
  eden space 2048K, 99% used [0x00000000eab00000,0x00000000eacfffe8,0x00000000ead00000)
  from space 1536K, 96% used [0x00000000eaf00000,0x00000000eb0736b0,0x00000000eb080000)
  to   space 2048K, 0% used [0x00000000ead00000,0x00000000ead00000,0x00000000eaf00000)
 ParOldGen       total 220672K, used 215694K [0x00000000c0000000, 0x00000000cd780000, 0x00000000eab00000)
  object space 220672K, 97% used [0x00000000c0000000,0x00000000cd2a3ac8,0x00000000cd780000)
 Metaspace       used 87047K, capacity 90958K, committed 91264K, reserved 1130496K
  class space    used 8225K, capacity 9805K, committed 9856K, reserved 1048576K
}
Event: 2685.543 GC heap after
{Heap after GC invocations=1573 (full 32):
 PSYoungGen      total 3072K, used 672K [0x00000000eab00000, 0x00000000eaf80000, 0x0000000100000000)
  eden space 2048K, 0% used [0x00000000eab00000,0x00000000eab00000,0x00000000ead00000)
  from space 1024K, 65% used [0x00000000ead00000,0x00000000eada8000,0x00000000eae00000)
  to   space 1024K, 0% used [0x00000000eae80000,0x00000000eae80000,0x00000000eaf80000)
 ParOldGen       total 220672K, used 216996K [0x00000000c0000000, 0x00000000cd780000, 0x00000000eab00000)
  object space 220672K, 98% used [0x00000000c0000000,0x00000000cd3e9178,0x00000000cd780000)
 Metaspace       used 87047K, capacity 90958K, committed 91264K, reserved 1130496K
  class space    used 8225K, capacity 9805K, committed 9856K, reserved 1048576K
}
Event: 2685.545 GC heap before
{Heap before GC invocations=1574 (full 32):
 PSYoungGen      total 3072K, used 2720K [0x00000000eab00000, 0x00000000eaf80000, 0x0000000100000000)
  eden space 2048K, 100% used [0x00000000eab00000,0x00000000ead00000,0x00000000ead00000)
  from space 1024K, 65% used [0x00000000ead00000,0x00000000eada8000,0x00000000eae00000)
  to   space 1024K, 0% used [0x00000000eae80000,0x00000000eae80000,0x00000000eaf80000)
 ParOldGen       total 220672K, used 216996K [0x00000000c0000000, 0x00000000cd780000, 0x00000000eab00000)
  object space 220672K, 98% used [0x00000000c0000000,0x00000000cd3e9178,0x00000000cd780000)
 Metaspace       used 87047K, capacity 90958K, committed 91264K, reserved 1130496K
  class space    used 8225K, capacity 9805K, committed 9856K, reserved 1048576K
}
Event: 2685.547 GC heap after
{Heap after GC invocations=1574 (full 32):
 PSYoungGen      total 3584K, used 640K [0x00000000eab00000, 0x00000000eaf80000, 0x0000000100000000)
  eden space 2560K, 0% used [0x00000000eab00000,0x00000000eab00000,0x00000000ead80000)
  from space 1024K, 62% used [0x00000000eae80000,0x00000000eaf20000,0x00000000eaf80000)
  to   space 1024K, 0% used [0x00000000ead80000,0x00000000ead80000,0x00000000eae80000)
 ParOldGen       total 220672K, used 217620K [0x00000000c0000000, 0x00000000cd780000, 0x00000000eab00000)
  object space 220672K, 98% used [0x00000000c0000000,0x00000000cd485178,0x00000000cd780000)
 Metaspace       used 87047K, capacity 90958K, committed 91264K, reserved 1130496K
  class space    used 8225K, capacity 9805K, committed 9856K, reserved 1048576K
}
Event: 2685.551 GC heap before
{Heap before GC invocations=1575 (full 32):
 PSYoungGen      total 3584K, used 3199K [0x00000000eab00000, 0x00000000eaf80000, 0x0000000100000000)
  eden space 2560K, 99% used [0x00000000eab00000,0x00000000ead7ffe8,0x00000000ead80000)
  from space 1024K, 62% used [0x00000000eae80000,0x00000000eaf20000,0x00000000eaf80000)
  to   space 1024K, 0% used [0x00000000ead80000,0x00000000ead80000,0x00000000eae80000)
 ParOldGen       total 220672K, used 217620K [0x00000000c0000000, 0x00000000cd780000, 0x00000000eab00000)
  object space 220672K, 98% used [0x00000000c0000000,0x00000000cd485178,0x00000000cd780000)
 Metaspace       used 87047K, capacity 90958K, committed 91264K, reserved 1130496K
  class space    used 8225K, capacity 9805K, committed 9856K, reserved 1048576K
}
Event: 2685.553 GC heap after
{Heap after GC invocations=1575 (full 32):
 PSYoungGen      total 3584K, used 1024K [0x00000000eab00000, 0x00000000eb200000, 0x0000000100000000)
  eden space 2560K, 0% used [0x00000000eab00000,0x00000000eab00000,0x00000000ead80000)
  from space 1024K, 100% used [0x00000000ead80000,0x00000000eae80000,0x00000000eae80000)
  to   space 2048K, 0% used [0x00000000eb000000,0x00000000eb000000,0x00000000eb200000)
 ParOldGen       total 220672K, used 218140K [0x00000000c0000000, 0x00000000cd780000, 0x00000000eab00000)
  object space 220672K, 98% used [0x00000000c0000000,0x00000000cd507178,0x00000000cd780000)
 Metaspace       used 87047K, capacity 90958K, committed 91264K, reserved 1130496K
  class space    used 8225K, capacity 9805K, committed 9856K, reserved 1048576K
}
Event: 2685.557 GC heap before
{Heap before GC invocations=1576 (full 32):
 PSYoungGen      total 3584K, used 3584K [0x00000000eab00000, 0x00000000eb200000, 0x0000000100000000)
  eden space 2560K, 100% used [0x00000000eab00000,0x00000000ead80000,0x00000000ead80000)
  from space 1024K, 100% used [0x00000000ead80000,0x00000000eae80000,0x00000000eae80000)
  to   space 2048K, 0% used [0x00000000eb000000,0x00000000eb000000,0x00000000eb200000)
 ParOldGen       total 220672K, used 218140K [0x00000000c0000000, 0x00000000cd780000, 0x00000000eab00000)
  object space 220672K, 98% used [0x00000000c0000000,0x00000000cd507178,0x00000000cd780000)
 Metaspace       used 87047K, capacity 90958K, committed 91264K, reserved 1130496K
  class space    used 8225K, capacity 9805K, committed 9856K, reserved 1048576K
}
Event: 2685.560 GC heap after
{Heap after GC invocations=1576 (full 32):
 PSYoungGen      total 4096K, used 864K [0x00000000eab00000, 0x00000000eb100000, 0x0000000100000000)
  eden space 3072K, 0% used [0x00000000eab00000,0x00000000eab00000,0x00000000eae00000)
  from space 1024K, 84% used [0x00000000eb000000,0x00000000eb0d8000,0x00000000eb100000)
  to   space 1536K, 0% used [0x00000000eae00000,0x00000000eae00000,0x00000000eaf80000)
 ParOldGen       total 220672K, used 218884K [0x00000000c0000000, 0x00000000cd780000, 0x00000000eab00000)
  object space 220672K, 99% used [0x00000000c0000000,0x00000000cd5c1178,0x00000000cd780000)
 Metaspace       used 87047K, capacity 90958K, committed 91264K, reserved 1130496K
  class space    used 8225K, capacity 9805K, committed 9856K, reserved 1048576K
}
Event: 2685.564 GC heap before
{Heap before GC invocations=1577 (full 32):
 PSYoungGen      total 4096K, used 3936K [0x00000000eab00000, 0x00000000eb100000, 0x0000000100000000)
  eden space 3072K, 100% used [0x00000000eab00000,0x00000000eae00000,0x00000000eae00000)
  from space 1024K, 84% used [0x00000000eb000000,0x00000000eb0d8000,0x00000000eb100000)
  to   space 1536K, 0% used [0x00000000eae00000,0x00000000eae00000,0x00000000eaf80000)
 ParOldGen       total 220672K, used 218884K [0x00000000c0000000, 0x00000000cd780000, 0x00000000eab00000)
  object space 220672K, 99% used [0x00000000c0000000,0x00000000cd5c1178,0x00000000cd780000)
 Metaspace       used 87047K, capacity 90958K, committed 91264K, reserved 1130496K
  class space    used 8225K, capacity 9805K, committed 9856K, reserved 1048576K
}
Event: 2685.567 GC heap after
{Heap after GC invocations=1577 (full 32):
 PSYoungGen      total 4608K, used 1170K [0x00000000eab00000, 0x00000000eb200000, 0x0000000100000000)
  eden space 3072K, 0% used [0x00000000eab00000,0x00000000eab00000,0x00000000eae00000)
  from space 1536K, 76% used [0x00000000eae00000,0x00000000eaf24800,0x00000000eaf80000)
  to   space 1536K, 0% used [0x00000000eb080000,0x00000000eb080000,0x00000000eb200000)
 ParOldGen       total 220672K, used 219660K [0x00000000c0000000, 0x00000000cd780000, 0x00000000eab00000)
  object space 220672K, 99% used [0x00000000c0000000,0x00000000cd683178,0x00000000cd780000)
 Metaspace       used 87047K, capacity 90958K, committed 91264K, reserved 1130496K
  class space    used 8225K, capacity 9805K, committed 9856K, reserved 1048576K
}
Event: 2685.573 GC heap before
{Heap before GC invocations=1578 (full 32):
 PSYoungGen      total 4608K, used 4242K [0x00000000eab00000, 0x00000000eb200000, 0x0000000100000000)
  eden space 3072K, 100% used [0x00000000eab00000,0x00000000eae00000,0x00000000eae00000)
  from space 1536K, 76% used [0x00000000eae00000,0x00000000eaf24800,0x00000000eaf80000)
  to   space 1536K, 0% used [0x00000000eb080000,0x00000000eb080000,0x00000000eb200000)
 ParOldGen       total 220672K, used 219660K [0x00000000c0000000, 0x00000000cd780000, 0x00000000eab00000)
  object space 220672K, 99% used [0x00000000c0000000,0x00000000cd683178,0x00000000cd780000)
 Metaspace       used 87047K, capacity 90958K, committed 91264K, reserved 1130496K
  class space    used 8225K, capacity 9805K, committed 9856K, reserved 1048576K
}
Event: 2685.578 GC heap after
{Heap after GC invocations=1578 (full 32):
 PSYoungGen      total 5632K, used 1412K [0x00000000eab00000, 0x00000000eb200000, 0x0000000100000000)
  eden space 4096K, 0% used [0x00000000eab00000,0x00000000eab00000,0x00000000eaf00000)
  from space 1536K, 91% used [0x00000000eb080000,0x00000000eb1e1000,0x00000000eb200000)
  to   space 1536K, 0% used [0x00000000eaf00000,0x00000000eaf00000,0x00000000eb080000)
 ParOldGen       total 220672K, used 220492K [0x00000000c0000000, 0x00000000cd780000, 0x00000000eab00000)
  object space 220672K, 99% used [0x00000000c0000000,0x00000000cd753178,0x00000000cd780000)
 Metaspace       used 87047K, capacity 90958K, committed 91264K, reserved 1130496K
  class space    used 8225K, capacity 9805K, committed 9856K, reserved 1048576K
}
Event: 2685.578 GC heap before
{Heap before GC invocations=1579 (full 33):
 PSYoungGen      total 5632K, used 1412K [0x00000000eab00000, 0x00000000eb200000, 0x0000000100000000)
  eden space 4096K, 0% used [0x00000000eab00000,0x00000000eab00000,0x00000000eaf00000)
  from space 1536K, 91% used [0x00000000eb080000,0x00000000eb1e1000,0x00000000eb200000)
  to   space 1536K, 0% used [0x00000000eaf00000,0x00000000eaf00000,0x00000000eb080000)
 ParOldGen       total 220672K, used 220492K [0x00000000c0000000, 0x00000000cd780000, 0x00000000eab00000)
  object space 220672K, 99% used [0x00000000c0000000,0x00000000cd753178,0x00000000cd780000)
 Metaspace       used 87047K, capacity 90958K, committed 91264K, reserved 1130496K
  class space    used 8225K, capacity 9805K, committed 9856K, reserved 1048576K
}
Event: 2685.765 GC heap after
{Heap after GC invocations=1579 (full 33):
 PSYoungGen      total 5632K, used 0K [0x00000000eab00000, 0x00000000eb300000, 0x0000000100000000)
  eden space 4096K, 0% used [0x00000000eab00000,0x00000000eab00000,0x00000000eaf00000)
  from space 1536K, 0% used [0x00000000eaf00000,0x00000000eaf00000,0x00000000eb080000)
  to   space 1536K, 0% used [0x00000000eb180000,0x00000000eb180000,0x00000000eb300000)
 ParOldGen       total 221184K, used 184428K [0x00000000c0000000, 0x00000000cd800000, 0x00000000eab00000)
  object space 221184K, 83% used [0x00000000c0000000,0x00000000cb41b2c0,0x00000000cd800000)
 Metaspace       used 87047K, capacity 90958K, committed 91264K, reserved 1130496K
  class space    used 8225K, capacity 9805K, committed 9856K, reserved 1048576K
}
Event: 2685.777 GC heap before
{Heap before GC invocations=1580 (full 33):
 PSYoungGen      total 5632K, used 4096K [0x00000000eab00000, 0x00000000eb300000, 0x0000000100000000)
  eden space 4096K, 100% used [0x00000000eab00000,0x00000000eaf00000,0x00000000eaf00000)
  from space 1536K, 0% used [0x00000000eaf00000,0x00000000eaf00000,0x00000000eb080000)
  to   space 1536K, 0% used [0x00000000eb180000,0x00000000eb180000,0x00000000eb300000)
 ParOldGen       total 221184K, used 184428K [0x00000000c0000000, 0x00000000cd800000, 0x00000000eab00000)
  object space 221184K, 83% used [0x00000000c0000000,0x00000000cb41b2c0,0x00000000cd800000)
 Metaspace       used 87048K, capacity 90958K, committed 91264K, reserved 1130496K
  class space    used 8225K, capacity 9805K, committed 9856K, reserved 1048576K
}
Event: 2685.778 GC heap after
{Heap after GC invocations=1580 (full 33):
 PSYoungGen      total 6144K, used 520K [0x00000000eab00000, 0x00000000eb280000, 0x0000000100000000)
  eden space 5120K, 0% used [0x00000000eab00000,0x00000000eab00000,0x00000000eb000000)
  from space 1024K, 50% used [0x00000000eb180000,0x00000000eb2021f0,0x00000000eb280000)
  to   space 1024K, 0% used [0x00000000eb080000,0x00000000eb080000,0x00000000eb180000)
 ParOldGen       total 221184K, used 184436K [0x00000000c0000000, 0x00000000cd800000, 0x00000000eab00000)
  object space 221184K, 83% used [0x00000000c0000000,0x00000000cb41d2c0,0x00000000cd800000)
 Metaspace       used 87048K, capacity 90958K, committed 91264K, reserved 1130496K
  class space    used 8225K, capacity 9805K, committed 9856K, reserved 1048576K
}
Event: 2685.787 GC heap before
{Heap before GC invocations=1581 (full 33):
 PSYoungGen      total 6144K, used 5640K [0x00000000eab00000, 0x00000000eb280000, 0x0000000100000000)
  eden space 5120K, 100% used [0x00000000eab00000,0x00000000eb000000,0x00000000eb000000)
  from space 1024K, 50% used [0x00000000eb180000,0x00000000eb2021f0,0x00000000eb280000)
  to   space 1024K, 0% used [0x00000000eb080000,0x00000000eb080000,0x00000000eb180000)
 ParOldGen       total 221184K, used 184436K [0x00000000c0000000, 0x00000000cd800000, 0x00000000eab00000)
  object space 221184K, 83% used [0x00000000c0000000,0x00000000cb41d2c0,0x00000000cd800000)
 Metaspace       used 87048K, capacity 90958K, committed 91264K, reserved 1130496K
  class space    used 8225K, capacity 9805K, committed 9856K, reserved 1048576K
}
Event: 2685.788 GC heap after
{Heap after GC invocations=1581 (full 33):
 PSYoungGen      total 6656K, used 288K [0x00000000eab00000, 0x00000000eb200000, 0x0000000100000000)
  eden space 5632K, 0% used [0x00000000eab00000,0x00000000eab00000,0x00000000eb080000)
  from space 1024K, 28% used [0x00000000eb080000,0x00000000eb0c8000,0x00000000eb180000)
  to   space 512K, 0% used [0x00000000eb180000,0x00000000eb180000,0x00000000eb200000)
 ParOldGen       total 221184K, used 184823K [0x00000000c0000000, 0x00000000cd800000, 0x00000000eab00000)
  object space 221184K, 83% used [0x00000000c0000000,0x00000000cb47ddb0,0x00000000cd800000)
 Metaspace       used 87048K, capacity 90958K, committed 91264K, reserved 1130496K
  class space    used 8225K, capacity 9805K, committed 9856K, reserved 1048576K
}
Event: 2685.800 GC heap before
{Heap before GC invocations=1582 (full 33):
 PSYoungGen      total 6656K, used 5920K [0x00000000eab00000, 0x00000000eb200000, 0x0000000100000000)
  eden space 5632K, 100% used [0x00000000eab00000,0x00000000eb080000,0x00000000eb080000)
  from space 1024K, 28% used [0x00000000eb080000,0x00000000eb0c8000,0x00000000eb180000)
  to   space 512K, 0% used [0x00000000eb180000,0x00000000eb180000,0x00000000eb200000)
 ParOldGen       total 221184K, used 184823K [0x00000000c0000000, 0x00000000cd800000, 0x00000000eab00000)
  object space 221184K, 83% used [0x00000000c0000000,0x00000000cb47ddb0,0x00000000cd800000)
 Metaspace       used 87048K, capacity 90958K, committed 91264K, reserved 1130496K
  class space    used 8225K, capacity 9805K, committed 9856K, reserved 1048576K
}
Event: 2685.802 GC heap after
{Heap after GC invocations=1582 (full 33):
 PSYoungGen      total 6144K, used 512K [0x00000000eab00000, 0x00000000eb400000, 0x0000000100000000)
  eden space 5632K, 0% used [0x00000000eab00000,0x00000000eab00000,0x00000000eb080000)
  from space 512K, 100% used [0x00000000eb180000,0x00000000eb200000,0x00000000eb200000)
  to   space 1024K, 0% used [0x00000000eb080000,0x00000000eb080000,0x00000000eb180000)
 ParOldGen       total 221184K, used 185079K [0x00000000c0000000, 0x00000000cd800000, 0x00000000eab00000)
  object space 221184K, 83% used [0x00000000c0000000,0x00000000cb4bddb0,0x00000000cd800000)
 Metaspace       used 87048K, capacity 90958K, committed 91264K, reserved 1130496K
  class space    used 8225K, capacity 9805K, committed 9856K, reserved 1048576K
}

